<?xml version="1.0" encoding="UTF-8"?>
<!-- Generated by org.testng.reporters.JUnitReportReporter -->
<testsuite hostname="DESKTOP-0E95FKB" failures="0" tests="1" name="com.automation.test.Runner" time="33.805" errors="0" timestamp="2023-04-23T16:25:00 IST" skipped="0">
  <testcase classname="com.automation.test.Runner" name="feature" time="33.805"/>
  <system-out/>
</testsuite> <!-- com.automation.test.Runner -->
